<?xml version="1.0" encoding="UTF-8" ?>
<testsuite 
errors="0" failures="0" hostname=".gnm.int" name="com.gu.floodgate.contentsource.ContentSourceReindexUrlTest" tests="2" time="0.022" timestamp="2023-03-23T16:07:22">
  <properties>
[...]
</properties>
  <testcase 
  name="should return the correct url to initiate a reindex when using api-key auth" classname="com.gu.floodgate.contentsource.ContentSourceReindexUrlTest" time="0.02">
</testcase>
  <testcase 
  name="should return the correct url to initiate a reindex when using vpc-peered auth" classname="com.gu.floodgate.contentsource.ContentSourceReindexUrlTest" time="0.0">
</testcase>
  <system-out><![CDATA[]]></system-out>
  <system-err><![CDATA[]]></system-err>
</testsuite>
